build/app/intermediates/manifest_merge_blame_file/debug/manifest-merger-blame-debug-report.txt
1<?xml version="1.0" encoding="utf-8"?>
2<manifest xmlns:android="http://schemas.android.com/apk/res/android"
3    package="com.example.mytracker"
4    android:versionCode="1"
5    android:versionName="1.0.0" >
6
7    <uses-sdk
8        android:minSdkVersion="21"
9        android:targetSdkVersion="28" />
10    <!--
11         Flutter needs it to communicate with the running application
12         to allow setting breakpoints, to provide hot reload, etc.
13    -->
14    <uses-permission android:name="android.permission.INTERNET" />
14-->src\main\AndroidManifest.xml:3:5-67
14-->src\main\AndroidManifest.xml:3:22-64
15    <uses-permission android:name="android.permission.ACCESS_FINE_LOCATION" />
15-->src\main\AndroidManifest.xml:4:5-78
15-->src\main\AndroidManifest.xml:4:22-76
16    <uses-permission android:name="android.permission.ACCESS_COARSE_LOCATION" />
16-->src\main\AndroidManifest.xml:5:5-80
16-->src\main\AndroidManifest.xml:5:22-78
17    <uses-permission android:name="android.permission.ACCESS_NETWORK_STATE" />
17-->[:firebase_analytics] AndroidManifest.xml:7:5-79
17-->[:firebase_analytics] AndroidManifest.xml:7:22-76
18    <uses-permission android:name="android.permission.WAKE_LOCK" />
18-->[:firebase_analytics] AndroidManifest.xml:9:5-68
18-->[:firebase_analytics] AndroidManifest.xml:9:22-65
19    <uses-permission android:name="android.permission.READ_SMS" />
19-->[:sms] AndroidManifest.xml:7:5-67
19-->[:sms] AndroidManifest.xml:7:22-64
20    <uses-permission android:name="android.permission.SEND_SMS" />
20-->[:sms] AndroidManifest.xml:8:5-67
20-->[:sms] AndroidManifest.xml:8:22-64
21    <uses-permission android:name="android.permission.RECEIVE_SMS" />
21-->[:sms] AndroidManifest.xml:9:5-70
21-->[:sms] AndroidManifest.xml:9:22-67
22    <uses-permission android:name="android.permission.READ_PHONE_STATE" />
22-->[:sms] AndroidManifest.xml:10:5-75
22-->[:sms] AndroidManifest.xml:10:22-72
23    <uses-permission android:name="android.permission.READ_CONTACTS" />
23-->[:sms] AndroidManifest.xml:11:5-72
23-->[:sms] AndroidManifest.xml:11:22-69
24    <uses-permission android:name="android.permission.READ_PROFILE" /> <!-- Required by older versions of Google Play services to create IID tokens -->
24-->[:sms] AndroidManifest.xml:12:5-71
24-->[:sms] AndroidManifest.xml:12:22-68
25    <uses-permission android:name="com.google.android.c2dm.permission.RECEIVE" />
25-->[com.google.firebase:firebase-messaging:22.0.0] AndroidManifest.xml:25:5-82
25-->[com.google.firebase:firebase-messaging:22.0.0] AndroidManifest.xml:25:22-79
26    <uses-permission android:name="com.google.android.finsky.permission.BIND_GET_INSTALL_REFERRER_SERVICE" />
26-->[com.google.android.gms:play-services-measurement:19.0.0] AndroidManifest.xml:26:5-110
26-->[com.google.android.gms:play-services-measurement:19.0.0] AndroidManifest.xml:26:22-107
27
28    <uses-feature
28-->[com.google.android.gms:play-services-maps:17.0.0] AndroidManifest.xml:26:5-28:35
29        android:glEsVersion="0x00020000"
29-->[com.google.android.gms:play-services-maps:17.0.0] AndroidManifest.xml:27:9-41
30        android:required="true" />
30-->[com.google.android.gms:play-services-maps:17.0.0] AndroidManifest.xml:28:9-32
31
32    <application
32-->src\main\AndroidManifest.xml:6:5-56:19
33        android:appComponentFactory="androidx.core.app.CoreComponentFactory"
33-->[androidx.core:core:1.5.0] AndroidManifest.xml:24:18-86
34        android:debuggable="true"
35        android:icon="@mipmap/icon_launcher"
35-->src\main\AndroidManifest.xml:8:9-45
36        android:label="mytracker" >
36-->src\main\AndroidManifest.xml:7:9-34
37        //paste your key google maps
38        <meta-data
38-->src\main\AndroidManifest.xml:10:9-11:70
39            android:name="com.google.android.geo.API_KEY"
39-->src\main\AndroidManifest.xml:10:20-65
40            android:value="AIzaSyD3__Hy3qxzP6OBbTTJfhDD4miTppV1O10" />
40-->src\main\AndroidManifest.xml:11:13-68
41
42        <activity
42-->src\main\AndroidManifest.xml:13:9-42:20
43            android:name="com.example.mytracker.MainActivity"
43-->src\main\AndroidManifest.xml:14:13-41
44            android:configChanges="orientation|keyboardHidden|keyboard|screenSize|smallestScreenSize|locale|layoutDirection|fontScale|screenLayout|density|uiMode"
44-->src\main\AndroidManifest.xml:17:13-163
45            android:hardwareAccelerated="true"
45-->src\main\AndroidManifest.xml:18:13-47
46            android:launchMode="singleTop"
46-->src\main\AndroidManifest.xml:15:13-43
47            android:theme="@style/LaunchTheme"
47-->src\main\AndroidManifest.xml:16:13-47
48            android:windowSoftInputMode="adjustResize" >
48-->src\main\AndroidManifest.xml:19:13-55
49
50            <!--
51                 Specifies an Android theme to apply to this Activity as soon as
52                 the Android process has started. This theme is visible to the user
53                 while the Flutter UI initializes. After that, this theme continues
54                 to determine the Window background behind the Flutter UI.
55            -->
56
57
58            <!--
59                 Displays an Android View that continues showing the launch screen
60                 Drawable until Flutter paints its first frame, then this splash
61                 screen fades out. A splash screen is useful to avoid any visual
62                 gap between the end of Android's launch screen and the painting of
63                 Flutter's first frame.
64            -->
65            <meta-data
65-->src\main\AndroidManifest.xml:30:13-34:17
66                android:name="io.flutter.embedding.android.SplashScreenDrawable"
66-->src\main\AndroidManifest.xml:31:15-79
67                android:resource="@drawable/launch_background" />
67-->src\main\AndroidManifest.xml:32:15-61
68
69            <intent-filter>
69-->src\main\AndroidManifest.xml:35:13-41:29
70                <action android:name="android.intent.action.MAIN" />
70-->src\main\AndroidManifest.xml:36:17-68
70-->src\main\AndroidManifest.xml:36:25-66
71
72                <category android:name="android.intent.category.LAUNCHER" />
72-->src\main\AndroidManifest.xml:37:17-76
72-->src\main\AndroidManifest.xml:37:27-74
73
74                <action android:name="FLUTTER_NOTIFICATION_CLICK" />
74-->src\main\AndroidManifest.xml:38:17-69
74-->src\main\AndroidManifest.xml:38:25-66
75
76                <category android:name="android.intent.category.DEFAULT" />
76-->src\main\AndroidManifest.xml:39:17-76
76-->src\main\AndroidManifest.xml:39:27-73
77
78                <action android:name="com.google.firebase.MESSAGING_EVENT" />
78-->src\main\AndroidManifest.xml:40:17-78
78-->src\main\AndroidManifest.xml:40:25-75
79            </intent-filter>
80        </activity>
81        <!--
82             Don't delete the meta-data below.
83             This is used by the Flutter tool to generate GeneratedPluginRegistrant.java
84        -->
85        <meta-data
85-->src\main\AndroidManifest.xml:45:9-47:33
86            android:name="flutterEmbedding"
86-->src\main\AndroidManifest.xml:46:13-44
87            android:value="2" />
87-->src\main\AndroidManifest.xml:47:13-30
88        <meta-data
88-->src\main\AndroidManifest.xml:49:5-151
89            android:name="com.google.firebase.messaging.default_notification_channel_id"
89-->src\main\AndroidManifest.xml:49:16-92
90            android:value="@string/default_notification_channel_id" />
90-->src\main\AndroidManifest.xml:49:93-148
91        <meta-data
91-->src\main\AndroidManifest.xml:51:9-52:55
92            android:name="com.google.firebase.messaging.default_notification_icon"
92-->src\main\AndroidManifest.xml:51:20-90
93            android:resource="@drawable/ic_stat_icono" />
93-->src\main\AndroidManifest.xml:52:10-52
94        <meta-data
94-->src\main\AndroidManifest.xml:54:9-55:52
95            android:name="com.google.firebase.messaging.default_notification_color"
95-->src\main\AndroidManifest.xml:54:20-91
96            android:resource="@color/blue_grey_500" />
96-->src\main\AndroidManifest.xml:55:10-49
97
98        <service
98-->[:cloud_firestore] AndroidManifest.xml:8:9-12:19
99            android:name="com.google.firebase.components.ComponentDiscoveryService"
99-->[:cloud_firestore] AndroidManifest.xml:8:18-89
100            android:directBootAware="true"
100-->[com.google.firebase:firebase-common:20.0.0] AndroidManifest.xml:35:13-43
101            android:exported="false" >
101-->[com.google.firebase:firebase-messaging:22.0.0] AndroidManifest.xml:51:13-37
102            <meta-data
102-->[:cloud_firestore] AndroidManifest.xml:9:13-11:85
103                android:name="com.google.firebase.components:io.flutter.plugins.firebase.firestore.FlutterFirebaseFirestoreRegistrar"
103-->[:cloud_firestore] AndroidManifest.xml:10:17-134
104                android:value="com.google.firebase.components.ComponentRegistrar" />
104-->[:cloud_firestore] AndroidManifest.xml:11:17-82
105            <meta-data
105-->[:firebase_analytics] AndroidManifest.xml:13:13-15:85
106                android:name="com.google.firebase.components:io.flutter.plugins.firebaseanalytics.FlutterFirebaseAppRegistrar"
106-->[:firebase_analytics] AndroidManifest.xml:14:17-127
107                android:value="com.google.firebase.components.ComponentRegistrar" />
107-->[:firebase_analytics] AndroidManifest.xml:15:17-82
108            <meta-data
108-->[:firebase_auth] AndroidManifest.xml:9:13-11:85
109                android:name="com.google.firebase.components:io.flutter.plugins.firebase.auth.FlutterFirebaseAuthRegistrar"
109-->[:firebase_auth] AndroidManifest.xml:10:17-124
110                android:value="com.google.firebase.components.ComponentRegistrar" />
110-->[:firebase_auth] AndroidManifest.xml:11:17-82
111            <meta-data
111-->[:firebase_messaging] AndroidManifest.xml:34:13-36:85
112                android:name="com.google.firebase.components:io.flutter.plugins.firebase.messaging.FlutterFirebaseAppRegistrar"
112-->[:firebase_messaging] AndroidManifest.xml:35:17-128
113                android:value="com.google.firebase.components.ComponentRegistrar" />
113-->[:firebase_messaging] AndroidManifest.xml:36:17-82
114            <meta-data
114-->[:firebase_core] AndroidManifest.xml:9:13-11:85
115                android:name="com.google.firebase.components:io.flutter.plugins.firebase.core.FlutterFirebaseCoreRegistrar"
115-->[:firebase_core] AndroidManifest.xml:10:17-124
116                android:value="com.google.firebase.components.ComponentRegistrar" />
116-->[:firebase_core] AndroidManifest.xml:11:17-82
117            <meta-data
117-->[com.google.firebase:firebase-messaging:22.0.0] AndroidManifest.xml:52:13-54:85
118                android:name="com.google.firebase.components:com.google.firebase.messaging.FirebaseMessagingRegistrar"
118-->[com.google.firebase:firebase-messaging:22.0.0] AndroidManifest.xml:53:17-119
119                android:value="com.google.firebase.components.ComponentRegistrar" />
119-->[com.google.firebase:firebase-messaging:22.0.0] AndroidManifest.xml:54:17-82
120            <meta-data
120-->[com.google.firebase:firebase-datatransport:18.0.0] AndroidManifest.xml:28:13-30:85
121                android:name="com.google.firebase.components:com.google.firebase.datatransport.TransportRegistrar"
121-->[com.google.firebase:firebase-datatransport:18.0.0] AndroidManifest.xml:29:17-115
122                android:value="com.google.firebase.components.ComponentRegistrar" />
122-->[com.google.firebase:firebase-datatransport:18.0.0] AndroidManifest.xml:30:17-82
123            <meta-data
123-->[com.google.firebase:firebase-auth:21.0.1] AndroidManifest.xml:77:13-79:85
124                android:name="com.google.firebase.components:com.google.firebase.auth.FirebaseAuthRegistrar"
124-->[com.google.firebase:firebase-auth:21.0.1] AndroidManifest.xml:78:17-109
125                android:value="com.google.firebase.components.ComponentRegistrar" />
125-->[com.google.firebase:firebase-auth:21.0.1] AndroidManifest.xml:79:17-82
126            <meta-data
126-->[com.google.firebase:firebase-firestore:23.0.3] AndroidManifest.xml:20:13-22:85
127                android:name="com.google.firebase.components:com.google.firebase.firestore.FirestoreRegistrar"
127-->[com.google.firebase:firebase-firestore:23.0.3] AndroidManifest.xml:21:17-111
128                android:value="com.google.firebase.components.ComponentRegistrar" />
128-->[com.google.firebase:firebase-firestore:23.0.3] AndroidManifest.xml:22:17-82
129            <meta-data
129-->[com.google.android.gms:play-services-measurement-api:19.0.0] AndroidManifest.xml:30:13-32:85
130                android:name="com.google.firebase.components:com.google.firebase.analytics.connector.internal.AnalyticsConnectorRegistrar"
130-->[com.google.android.gms:play-services-measurement-api:19.0.0] AndroidManifest.xml:31:17-139
131                android:value="com.google.firebase.components.ComponentRegistrar" />
131-->[com.google.android.gms:play-services-measurement-api:19.0.0] AndroidManifest.xml:32:17-82
132            <meta-data
132-->[com.google.firebase:firebase-installations:17.0.0] AndroidManifest.xml:18:13-20:85
133                android:name="com.google.firebase.components:com.google.firebase.installations.FirebaseInstallationsRegistrar"
133-->[com.google.firebase:firebase-installations:17.0.0] AndroidManifest.xml:19:17-127
134                android:value="com.google.firebase.components.ComponentRegistrar" />
134-->[com.google.firebase:firebase-installations:17.0.0] AndroidManifest.xml:20:17-82
135        </service>
136        <service
136-->[:firebase_messaging] AndroidManifest.xml:12:9-15:72
137            android:name="io.flutter.plugins.firebase.messaging.FlutterFirebaseMessagingBackgroundService"
137-->[:firebase_messaging] AndroidManifest.xml:13:13-107
138            android:exported="false"
138-->[:firebase_messaging] AndroidManifest.xml:14:13-37
139            android:permission="android.permission.BIND_JOB_SERVICE" />
139-->[:firebase_messaging] AndroidManifest.xml:15:13-69
140        <service
140-->[:firebase_messaging] AndroidManifest.xml:16:9-22:19
141            android:name="io.flutter.plugins.firebase.messaging.FlutterFirebaseMessagingService"
141-->[:firebase_messaging] AndroidManifest.xml:17:13-97
142            android:exported="false" >
142-->[:firebase_messaging] AndroidManifest.xml:18:13-37
143            <intent-filter>
143-->[:firebase_messaging] AndroidManifest.xml:19:13-21:29
144                <action android:name="com.google.firebase.MESSAGING_EVENT" />
144-->src\main\AndroidManifest.xml:40:17-78
144-->src\main\AndroidManifest.xml:40:25-75
145            </intent-filter>
146        </service>
147
148        <receiver
148-->[:firebase_messaging] AndroidManifest.xml:24:9-31:20
149            android:name="io.flutter.plugins.firebase.messaging.FlutterFirebaseMessagingReceiver"
149-->[:firebase_messaging] AndroidManifest.xml:25:13-98
150            android:exported="true"
150-->[:firebase_messaging] AndroidManifest.xml:26:13-36
151            android:permission="com.google.android.c2dm.permission.SEND" >
151-->[:firebase_messaging] AndroidManifest.xml:27:13-73
152            <intent-filter>
152-->[:firebase_messaging] AndroidManifest.xml:28:13-30:29
153                <action android:name="com.google.android.c2dm.intent.RECEIVE" />
153-->[:firebase_messaging] AndroidManifest.xml:29:17-81
153-->[:firebase_messaging] AndroidManifest.xml:29:25-78
154            </intent-filter>
155        </receiver>
156
157        <provider
157-->[:firebase_messaging] AndroidManifest.xml:39:9-43:38
158            android:name="io.flutter.plugins.firebase.messaging.FlutterFirebaseMessagingInitProvider"
158-->[:firebase_messaging] AndroidManifest.xml:40:13-102
159            android:authorities="com.example.mytracker.flutterfirebasemessaginginitprovider"
159-->[:firebase_messaging] AndroidManifest.xml:41:13-88
160            android:exported="false"
160-->[:firebase_messaging] AndroidManifest.xml:42:13-37
161            android:initOrder="99" />
161-->[:firebase_messaging] AndroidManifest.xml:43:13-35
162
163        <activity
163-->[:url_launcher] AndroidManifest.xml:8:9-11:74
164            android:name="io.flutter.plugins.urllauncher.WebViewActivity"
164-->[:url_launcher] AndroidManifest.xml:9:13-74
165            android:exported="false"
165-->[:url_launcher] AndroidManifest.xml:10:13-37
166            android:theme="@android:style/Theme.NoTitleBar.Fullscreen" />
166-->[:url_launcher] AndroidManifest.xml:11:13-71
167
168        <service
168-->[:location] AndroidManifest.xml:11:9-15:56
169            android:name="com.lyokone.location.FlutterLocationService"
169-->[:location] AndroidManifest.xml:12:13-71
170            android:enabled="true"
170-->[:location] AndroidManifest.xml:13:13-35
171            android:exported="false"
171-->[:location] AndroidManifest.xml:14:13-37
172            android:foregroundServiceType="location" />
172-->[:location] AndroidManifest.xml:15:13-53
173
174        <receiver
174-->[com.google.firebase:firebase-messaging:22.0.0] AndroidManifest.xml:28:9-35:20
175            android:name="com.google.firebase.iid.FirebaseInstanceIdReceiver"
175-->[com.google.firebase:firebase-messaging:22.0.0] AndroidManifest.xml:29:13-78
176            android:exported="true"
176-->[com.google.firebase:firebase-messaging:22.0.0] AndroidManifest.xml:30:13-36
177            android:permission="com.google.android.c2dm.permission.SEND" >
177-->[com.google.firebase:firebase-messaging:22.0.0] AndroidManifest.xml:31:13-73
178            <intent-filter>
178-->[:firebase_messaging] AndroidManifest.xml:28:13-30:29
179                <action android:name="com.google.android.c2dm.intent.RECEIVE" />
179-->[:firebase_messaging] AndroidManifest.xml:29:17-81
179-->[:firebase_messaging] AndroidManifest.xml:29:25-78
180            </intent-filter>
181        </receiver>
182        <!--
183             FirebaseMessagingService performs security checks at runtime,
184             but set to not exported to explicitly avoid allowing another app to call it.
185        -->
186        <service
186-->[com.google.firebase:firebase-messaging:22.0.0] AndroidManifest.xml:41:9-48:19
187            android:name="com.google.firebase.messaging.FirebaseMessagingService"
187-->[com.google.firebase:firebase-messaging:22.0.0] AndroidManifest.xml:42:13-82
188            android:directBootAware="true"
188-->[com.google.firebase:firebase-messaging:22.0.0] AndroidManifest.xml:43:13-43
189            android:exported="false" >
189-->[com.google.firebase:firebase-messaging:22.0.0] AndroidManifest.xml:44:13-37
190            <intent-filter android:priority="-500" >
190-->[:firebase_messaging] AndroidManifest.xml:19:13-21:29
191                <action android:name="com.google.firebase.MESSAGING_EVENT" />
191-->src\main\AndroidManifest.xml:40:17-78
191-->src\main\AndroidManifest.xml:40:25-75
192            </intent-filter>
193        </service>
194        <service
194-->[com.google.android.datatransport:transport-backend-cct:3.0.0] AndroidManifest.xml:29:9-35:19
195            android:name="com.google.android.datatransport.runtime.backends.TransportBackendDiscovery"
195-->[com.google.android.datatransport:transport-backend-cct:3.0.0] AndroidManifest.xml:30:13-103
196            android:exported="false" >
196-->[com.google.android.datatransport:transport-backend-cct:3.0.0] AndroidManifest.xml:31:13-37
197            <meta-data
197-->[com.google.android.datatransport:transport-backend-cct:3.0.0] AndroidManifest.xml:32:13-34:39
198                android:name="backend:com.google.android.datatransport.cct.CctBackendFactory"
198-->[com.google.android.datatransport:transport-backend-cct:3.0.0] AndroidManifest.xml:33:17-94
199                android:value="cct" />
199-->[com.google.android.datatransport:transport-backend-cct:3.0.0] AndroidManifest.xml:34:17-36
200        </service>
201
202        <activity
202-->[com.google.firebase:firebase-auth:21.0.1] AndroidManifest.xml:27:9-44:20
203            android:name="com.google.firebase.auth.internal.GenericIdpActivity"
203-->[com.google.firebase:firebase-auth:21.0.1] AndroidManifest.xml:28:13-80
204            android:excludeFromRecents="true"
204-->[com.google.firebase:firebase-auth:21.0.1] AndroidManifest.xml:29:13-46
205            android:exported="true"
205-->[com.google.firebase:firebase-auth:21.0.1] AndroidManifest.xml:30:13-36
206            android:launchMode="singleTask"
206-->[com.google.firebase:firebase-auth:21.0.1] AndroidManifest.xml:31:13-44
207            android:theme="@android:style/Theme.Translucent.NoTitleBar" >
207-->[com.google.firebase:firebase-auth:21.0.1] AndroidManifest.xml:32:13-72
208            <intent-filter>
208-->[com.google.firebase:firebase-auth:21.0.1] AndroidManifest.xml:33:13-43:29
209                <action android:name="android.intent.action.VIEW" />
209-->[com.google.firebase:firebase-auth:21.0.1] AndroidManifest.xml:34:17-69
209-->[com.google.firebase:firebase-auth:21.0.1] AndroidManifest.xml:34:25-66
210
211                <category android:name="android.intent.category.DEFAULT" />
211-->src\main\AndroidManifest.xml:39:17-76
211-->src\main\AndroidManifest.xml:39:27-73
212                <category android:name="android.intent.category.BROWSABLE" />
212-->[com.google.firebase:firebase-auth:21.0.1] AndroidManifest.xml:37:17-78
212-->[com.google.firebase:firebase-auth:21.0.1] AndroidManifest.xml:37:27-75
213
214                <data
214-->[com.google.firebase:firebase-auth:21.0.1] AndroidManifest.xml:39:17-42:51
215                    android:host="firebase.auth"
215-->[com.google.firebase:firebase-auth:21.0.1] AndroidManifest.xml:40:21-49
216                    android:path="/"
216-->[com.google.firebase:firebase-auth:21.0.1] AndroidManifest.xml:41:21-37
217                    android:scheme="genericidp" />
217-->[com.google.firebase:firebase-auth:21.0.1] AndroidManifest.xml:42:21-48
218            </intent-filter>
219        </activity>
220        <activity
220-->[com.google.firebase:firebase-auth:21.0.1] AndroidManifest.xml:45:9-62:20
221            android:name="com.google.firebase.auth.internal.RecaptchaActivity"
221-->[com.google.firebase:firebase-auth:21.0.1] AndroidManifest.xml:46:13-79
222            android:excludeFromRecents="true"
222-->[com.google.firebase:firebase-auth:21.0.1] AndroidManifest.xml:47:13-46
223            android:exported="true"
223-->[com.google.firebase:firebase-auth:21.0.1] AndroidManifest.xml:48:13-36
224            android:launchMode="singleTask"
224-->[com.google.firebase:firebase-auth:21.0.1] AndroidManifest.xml:49:13-44
225            android:theme="@android:style/Theme.Translucent.NoTitleBar" >
225-->[com.google.firebase:firebase-auth:21.0.1] AndroidManifest.xml:50:13-72
226            <intent-filter>
226-->[com.google.firebase:firebase-auth:21.0.1] AndroidManifest.xml:51:13-61:29
227                <action android:name="android.intent.action.VIEW" />
227-->[com.google.firebase:firebase-auth:21.0.1] AndroidManifest.xml:34:17-69
227-->[com.google.firebase:firebase-auth:21.0.1] AndroidManifest.xml:34:25-66
228
229                <category android:name="android.intent.category.DEFAULT" />
229-->src\main\AndroidManifest.xml:39:17-76
229-->src\main\AndroidManifest.xml:39:27-73
230                <category android:name="android.intent.category.BROWSABLE" />
230-->[com.google.firebase:firebase-auth:21.0.1] AndroidManifest.xml:37:17-78
230-->[com.google.firebase:firebase-auth:21.0.1] AndroidManifest.xml:37:27-75
231
232                <data
232-->[com.google.firebase:firebase-auth:21.0.1] AndroidManifest.xml:39:17-42:51
233                    android:host="firebase.auth"
233-->[com.google.firebase:firebase-auth:21.0.1] AndroidManifest.xml:40:21-49
234                    android:path="/"
234-->[com.google.firebase:firebase-auth:21.0.1] AndroidManifest.xml:41:21-37
235                    android:scheme="recaptcha" />
235-->[com.google.firebase:firebase-auth:21.0.1] AndroidManifest.xml:42:21-48
236            </intent-filter>
237        </activity>
238
239        <service
239-->[com.google.firebase:firebase-auth:21.0.1] AndroidManifest.xml:64:9-73:19
240            android:name="com.google.firebase.auth.api.fallback.service.FirebaseAuthFallbackService"
240-->[com.google.firebase:firebase-auth:21.0.1] AndroidManifest.xml:65:13-101
241            android:enabled="true"
241-->[com.google.firebase:firebase-auth:21.0.1] AndroidManifest.xml:66:13-35
242            android:exported="false" >
242-->[com.google.firebase:firebase-auth:21.0.1] AndroidManifest.xml:67:13-37
243            <intent-filter>
243-->[com.google.firebase:firebase-auth:21.0.1] AndroidManifest.xml:68:13-72:29
244                <action android:name="com.google.firebase.auth.api.gms.service.START" />
244-->[com.google.firebase:firebase-auth:21.0.1] AndroidManifest.xml:69:17-89
244-->[com.google.firebase:firebase-auth:21.0.1] AndroidManifest.xml:69:25-86
245
246                <category android:name="android.intent.category.DEFAULT" />
246-->src\main\AndroidManifest.xml:39:17-76
246-->src\main\AndroidManifest.xml:39:27-73
247            </intent-filter>
248        </service>
249
250        <provider
250-->[com.google.firebase:firebase-common:20.0.0] AndroidManifest.xml:26:9-31:39
251            android:name="com.google.firebase.provider.FirebaseInitProvider"
251-->[com.google.firebase:firebase-common:20.0.0] AndroidManifest.xml:27:13-77
252            android:authorities="com.example.mytracker.firebaseinitprovider"
252-->[com.google.firebase:firebase-common:20.0.0] AndroidManifest.xml:28:13-72
253            android:directBootAware="true"
253-->[com.google.firebase:firebase-common:20.0.0] AndroidManifest.xml:29:13-43
254            android:exported="false"
254-->[com.google.firebase:firebase-common:20.0.0] AndroidManifest.xml:30:13-37
255            android:initOrder="100" />
255-->[com.google.firebase:firebase-common:20.0.0] AndroidManifest.xml:31:13-36
256
257        <receiver
257-->[com.google.android.gms:play-services-measurement:19.0.0] AndroidManifest.xml:29:9-33:20
258            android:name="com.google.android.gms.measurement.AppMeasurementReceiver"
258-->[com.google.android.gms:play-services-measurement:19.0.0] AndroidManifest.xml:30:13-85
259            android:enabled="true"
259-->[com.google.android.gms:play-services-measurement:19.0.0] AndroidManifest.xml:31:13-35
260            android:exported="false" >
260-->[com.google.android.gms:play-services-measurement:19.0.0] AndroidManifest.xml:32:13-37
261        </receiver>
262
263        <service
263-->[com.google.android.gms:play-services-measurement:19.0.0] AndroidManifest.xml:35:9-38:40
264            android:name="com.google.android.gms.measurement.AppMeasurementService"
264-->[com.google.android.gms:play-services-measurement:19.0.0] AndroidManifest.xml:36:13-84
265            android:enabled="true"
265-->[com.google.android.gms:play-services-measurement:19.0.0] AndroidManifest.xml:37:13-35
266            android:exported="false" />
266-->[com.google.android.gms:play-services-measurement:19.0.0] AndroidManifest.xml:38:13-37
267        <service
267-->[com.google.android.gms:play-services-measurement:19.0.0] AndroidManifest.xml:39:9-43:72
268            android:name="com.google.android.gms.measurement.AppMeasurementJobService"
268-->[com.google.android.gms:play-services-measurement:19.0.0] AndroidManifest.xml:40:13-87
269            android:enabled="true"
269-->[com.google.android.gms:play-services-measurement:19.0.0] AndroidManifest.xml:41:13-35
270            android:exported="false"
270-->[com.google.android.gms:play-services-measurement:19.0.0] AndroidManifest.xml:42:13-37
271            android:permission="android.permission.BIND_JOB_SERVICE" /> <!-- Needs to be explicitly declared on P+ -->
271-->[com.google.android.gms:play-services-measurement:19.0.0] AndroidManifest.xml:43:13-69
272        <uses-library
272-->[com.google.android.gms:play-services-maps:17.0.0] AndroidManifest.xml:33:9-35:40
273            android:name="org.apache.http.legacy"
273-->[com.google.android.gms:play-services-maps:17.0.0] AndroidManifest.xml:34:13-50
274            android:required="false" />
274-->[com.google.android.gms:play-services-maps:17.0.0] AndroidManifest.xml:35:13-37
275
276        <activity
276-->[com.google.android.gms:play-services-base:17.1.0] AndroidManifest.xml:23:9-26:75
277            android:name="com.google.android.gms.common.api.GoogleApiActivity"
277-->[com.google.android.gms:play-services-base:17.1.0] AndroidManifest.xml:24:13-79
278            android:exported="false"
278-->[com.google.android.gms:play-services-base:17.1.0] AndroidManifest.xml:25:13-37
279            android:theme="@android:style/Theme.Translucent.NoTitleBar" />
279-->[com.google.android.gms:play-services-base:17.1.0] AndroidManifest.xml:26:13-72
280
281        <meta-data
281-->[com.google.android.gms:play-services-basement:17.1.0] AndroidManifest.xml:23:9-25:69
282            android:name="com.google.android.gms.version"
282-->[com.google.android.gms:play-services-basement:17.1.0] AndroidManifest.xml:24:13-58
283            android:value="@integer/google_play_services_version" />
283-->[com.google.android.gms:play-services-basement:17.1.0] AndroidManifest.xml:25:13-66
284
285        <service
285-->[com.google.android.datatransport:transport-runtime:3.0.0] AndroidManifest.xml:26:9-30:19
286            android:name="com.google.android.datatransport.runtime.scheduling.jobscheduling.JobInfoSchedulerService"
286-->[com.google.android.datatransport:transport-runtime:3.0.0] AndroidManifest.xml:27:13-117
287            android:exported="false"
287-->[com.google.android.datatransport:transport-runtime:3.0.0] AndroidManifest.xml:28:13-37
288            android:permission="android.permission.BIND_JOB_SERVICE" >
288-->[com.google.android.datatransport:transport-runtime:3.0.0] AndroidManifest.xml:29:13-69
289        </service>
290